<?xml version="1.0" encoding="UTF-8"?>
<testng-results ignored="0" total="1" passed="1" failed="0" skipped="0">
  <reporter-output>
  </reporter-output>
  <suite started-at="2023-11-08T17:17:04 IST" name="Default suite" finished-at="2023-11-08T17:22:29 IST" duration-ms="325684">
    <groups>
    </groups>
    <test started-at="2023-11-08T17:17:04 IST" name="Default test" finished-at="2023-11-08T17:22:29 IST" duration-ms="325684">
      <class name="Testng.BrokenLinks">
        <test-method signature="main()[pri:0, instance:Testng.BrokenLinks@446293d]" started-at="2023-11-08T17:17:04 IST" name="main" finished-at="2023-11-08T17:22:29 IST" duration-ms="325628" status="PASS">
          <reporter-output>
          </reporter-output>
        </test-method> <!-- main -->
      </class> <!-- Testng.BrokenLinks -->
    </test> <!-- Default test -->
  </suite> <!-- Default suite -->
</testng-results>
